<?xml version="1.0" encoding="UTF-8"?>
<testsuite xmlns:xsi="http://www.w3.org/2001/XMLSchema-instance" xsi:noNamespaceSchemaLocation="https://maven.apache.org/surefire/maven-surefire-plugin/xsd/surefire-test-report-3.0.xsd" version="3.0" name="testing.UserDataValidationsJUnitTest" time="0.072" tests="6" errors="0" skipped="0" failures="0">
  <properties>
[...]
</properties>
  <testcase name="checkPostalCode" classname="testing.UserDataValidationsJUnitTest" time="0.032">
    <system-out><![CDATA[Eres de Pais Vasco, Alava
El Codigo postal no es valido
Eres de Melilla
El Codigo postal no es valido
El numero debe de ser de 5 digitos
El numero debe de ser de 5 digitos
]]></system-out>
  </testcase>
  <testcase name="testCheckID" classname="testing.UserDataValidationsJUnitTest" time="0.002">
    <system-out><![CDATA[












]]></system-out>
  </testcase>
  <testcase name="isAlphabetic" classname="testing.UserDataValidationsJUnitTest" time="0.001"/>
  <testcase name="calculateAge" classname="testing.UserDataValidationsJUnitTest" time="0.003">
    <system-out><![CDATA[La longitud de la fecha es incorrecta.
Febrero solo tiene 28 días en un año no bisiesto.
La longitud de la fecha es incorrecta.
El mes tiene solo 31 días.
El mes tiene solo 30 días.
El mes introducido es incorrecto.
La longitud de la fecha es incorrecta.
La fecha no tiene el formato adecuado.
El formato de la fecha es incorrecto. Asegúrese de que todos los valores sean números válidos.
Febrero solo tiene 28 días en un año no bisiesto.
La longitud de la fecha es incorrecta.
La longitud de la fecha es incorrecta.
Febrero solo tiene 29 días en un año bisiesto.
El mes introducido es incorrecto.
El mes tiene solo 30 días.
La longitud de la fecha es incorrecta.
La longitud de la fecha es incorrecta.
La fecha no tiene el formato adecuado.
La fecha no tiene el formato adecuado.
]]></system-out>
  </testcase>
  <testcase name="checkFormatDate" classname="testing.UserDataValidationsJUnitTest" time="0.002">
    <system-out><![CDATA[La longitud de la fecha es incorrecta.
Febrero solo tiene 28 días en un año no bisiesto.
La longitud de la fecha es incorrecta.
El mes tiene solo 31 días.
El mes tiene solo 30 días.
El mes introducido es incorrecto.
La longitud de la fecha es incorrecta.
La fecha no tiene el formato adecuado.
El formato de la fecha es incorrecto. Asegúrese de que todos los valores sean números válidos.
Febrero solo tiene 28 días en un año no bisiesto.
La longitud de la fecha es incorrecta.
La longitud de la fecha es incorrecta.
Febrero solo tiene 29 días en un año bisiesto.
El mes introducido es incorrecto.
El mes tiene solo 30 días.
La longitud de la fecha es incorrecta.
La longitud de la fecha es incorrecta.
La fecha no tiene el formato adecuado.
La fecha no tiene el formato adecuado.
]]></system-out>
  </testcase>
  <testcase name="isNumeric" classname="testing.UserDataValidationsJUnitTest" time="0.002"/>
</testsuite>